<?xml version="1.0" encoding="UTF-8"?>
<!-- Generated by org.testng.reporters.JUnitReportReporter -->
<testsuite skipped="0" hostname="SCSHYD-198" name="test.Testsssss" tests="1" failures="0" timestamp="2020-09-01T14:30:52 IST" time="0.006" errors="0">
  <testcase name="t" time="0.006" classname="test.Testsssss"/>
  <system-out/>
</testsuite> <!-- test.Testsssss -->
