<?xml version="1.0" encoding="UTF-8"?>
<!-- Generated by org.testng.reporters.JUnitReportReporter -->
<testsuite skipped="0" hostname="SCSHYD-198" name="test.Accounts" tests="4" failures="0" timestamp="2021-02-17T15:55:03 IST" time="10.540" errors="0">
  <testcase name="AccountInfo" time="2.161" classname="test.Accounts"/>
  <system-out/>
  <testcase name="AccountsSetup" time="5.692" classname="test.Accounts"/>
  <system-out/>
  <testcase name="LogIn" time="0.992" classname="test.Accounts"/>
  <system-out/>
  <testcase name="DeleteAccount" time="1.695" classname="test.Accounts"/>
  <system-out/>
</testsuite> <!-- test.Accounts -->
