<?xml version="1.0" encoding="UTF-8"?>
<!-- Generated by org.testng.reporters.JUnitReportReporter -->
<testsuite skipped="0" hostname="SCSHYD-198" name="test.LoginSimple" tests="1" failures="0" timestamp="2021-02-09T16:13:28 IST" time="1.105" errors="0">
  <testcase name="Loginto" time="1.105" classname="test.LoginSimple"/>
  <system-out/>
</testsuite> <!-- test.LoginSimple -->
