<?xml version="1.0" encoding="UTF-8"?>
<!-- Generated by org.testng.reporters.JUnitReportReporter -->
<testsuite skipped="0" hostname="SCSHYD-198" name="test.AccountAdding" tests="1" failures="0" timestamp="2021-02-09T15:59:15 IST" time="6.656" errors="0">
  <testcase name="Loginto" time="6.656" classname="test.AccountAdding"/>
  <system-out/>
</testsuite> <!-- test.AccountAdding -->
